<?xml version="1.0" encoding="UTF-8"?>
<!-- Generated by org.testng.reporters.JUnitXMLReporter -->
<testsuite ignored="19" hostname="LTIN191294" failures="10" tests="15" name="Regression Test one" time="0.091" errors="0" timestamp="2024-02-02T15:53:30 IST">
  <testcase classname="testScenarios.SearchCabs" name="navigateGiftCardPage" time="0.015">
    <skipped/>
  </testcase> <!-- navigateGiftCardPage -->
  <testcase classname="testScenarios.SearchCabs" name="navigateGiftCardPage" time="0.002">
    <skipped/>
  </testcase> <!-- navigateGiftCardPage -->
  <testcase classname="testScenarios.SearchCabs" name="navigateGiftCardPage" time="0.002">
    <skipped/>
  </testcase> <!-- navigateGiftCardPage -->
  <testcase classname="testScenarios.SearchCabs" name="navigateGiftCardPage" time="0.001">
    <failure type="java.lang.NullPointerException" message="Cannot invoke &amp;quot;com.aventstack.extentreports.ExtentReports.createTest(String)&amp;quot; because &amp;quot;testScenarios.SearchCabs.report&amp;quot; is null">
      <![CDATA[java.lang.NullPointerException: Cannot invoke "com.aventstack.extentreports.ExtentReports.createTest(String)" because "testScenarios.SearchCabs.report" is null
at testScenarios.SearchCabs.navigateGiftCardPage(SearchCabs.java:245)
at java.base/java.util.ArrayList.forEach(ArrayList.java:1511)
... Removed 27 stack frames]]>
    </failure>
  </testcase> <!-- navigateGiftCardPage -->
  <testcase classname="testScenarios.SearchCabs" name="mangingTabs" time="0.001">
    <failure type="java.lang.NullPointerException" message="Cannot invoke &amp;quot;com.aventstack.extentreports.ExtentReports.createTest(String)&amp;quot; because &amp;quot;testScenarios.SearchCabs.report&amp;quot; is null">
      <![CDATA[java.lang.NullPointerException: Cannot invoke "com.aventstack.extentreports.ExtentReports.createTest(String)" because "testScenarios.SearchCabs.report" is null
at testScenarios.SearchCabs.mangingTabs(SearchCabs.java:255)
at java.base/java.util.ArrayList.forEach(ArrayList.java:1511)
... Removed 27 stack frames]]>
    </failure>
  </testcase> <!-- mangingTabs -->
  <testcase classname="testScenarios.SearchCabs" name="ScrollToGiftCards" time="0.002">
    <failure type="java.lang.NullPointerException" message="Cannot invoke &amp;quot;com.aventstack.extentreports.ExtentReports.createTest(String)&amp;quot; because &amp;quot;testScenarios.SearchCabs.report&amp;quot; is null">
      <![CDATA[java.lang.NullPointerException: Cannot invoke "com.aventstack.extentreports.ExtentReports.createTest(String)" because "testScenarios.SearchCabs.report" is null
at testScenarios.SearchCabs.ScrollToGiftCards(SearchCabs.java:264)
at java.base/java.util.ArrayList.forEach(ArrayList.java:1511)
... Removed 27 stack frames]]>
    </failure>
  </testcase> <!-- ScrollToGiftCards -->
  <testcase classname="testScenarios.SearchCabs" name="ClickGiftCard" time="0.002">
    <failure type="java.lang.NullPointerException" message="Cannot invoke &amp;quot;com.aventstack.extentreports.ExtentReports.createTest(String)&amp;quot; because &amp;quot;testScenarios.SearchCabs.report&amp;quot; is null">
      <![CDATA[java.lang.NullPointerException: Cannot invoke "com.aventstack.extentreports.ExtentReports.createTest(String)" because "testScenarios.SearchCabs.report" is null
at testScenarios.SearchCabs.ClickGiftCard(SearchCabs.java:273)
at java.base/java.util.ArrayList.forEach(ArrayList.java:1511)
... Removed 27 stack frames]]>
    </failure>
  </testcase> <!-- ClickGiftCard -->
  <testcase classname="testScenarios.SearchCabs" name="ClickEmailButton" time="0.001">
    <failure type="java.lang.NullPointerException" message="Cannot invoke &amp;quot;com.aventstack.extentreports.ExtentReports.createTest(String)&amp;quot; because &amp;quot;testScenarios.SearchCabs.report&amp;quot; is null">
      <![CDATA[java.lang.NullPointerException: Cannot invoke "com.aventstack.extentreports.ExtentReports.createTest(String)" because "testScenarios.SearchCabs.report" is null
at testScenarios.SearchCabs.ClickEmailButton(SearchCabs.java:280)
at java.base/java.util.ArrayList.forEach(ArrayList.java:1511)
... Removed 27 stack frames]]>
    </failure>
  </testcase> <!-- ClickEmailButton -->
  <testcase classname="testScenarios.SearchCabs" name="ScrollToGiftForm" time="0.002">
    <failure type="java.lang.NullPointerException" message="Cannot invoke &amp;quot;com.aventstack.extentreports.ExtentReports.createTest(String)&amp;quot; because &amp;quot;testScenarios.SearchCabs.report&amp;quot; is null">
      <![CDATA[java.lang.NullPointerException: Cannot invoke "com.aventstack.extentreports.ExtentReports.createTest(String)" because "testScenarios.SearchCabs.report" is null
at testScenarios.SearchCabs.ScrollToGiftForm(SearchCabs.java:288)
at java.base/java.util.ArrayList.forEach(ArrayList.java:1511)
... Removed 27 stack frames]]>
    </failure>
  </testcase> <!-- ScrollToGiftForm -->
  <testcase classname="testScenarios.SearchCabs" name="EnterDataGiftForm_XML" time="0.0">
    <skipped/>
  </testcase> <!-- EnterDataGiftForm_XML -->
  <testcase classname="testScenarios.SearchCabs" name="EnterDataGiftForm_JSON" time="0.0">
    <skipped/>
  </testcase> <!-- EnterDataGiftForm_JSON -->
  <testcase classname="testScenarios.SearchCabs" name="selectBuyNow" time="0.001">
    <failure type="java.lang.NullPointerException" message="Cannot invoke &amp;quot;com.aventstack.extentreports.ExtentReports.createTest(String)&amp;quot; because &amp;quot;testScenarios.SearchCabs.report&amp;quot; is null">
      <![CDATA[java.lang.NullPointerException: Cannot invoke "com.aventstack.extentreports.ExtentReports.createTest(String)" because "testScenarios.SearchCabs.report" is null
at testScenarios.SearchCabs.selectBuyNow(SearchCabs.java:314)
at java.base/java.util.ArrayList.forEach(ArrayList.java:1511)
... Removed 27 stack frames]]>
    </failure>
  </testcase> <!-- selectBuyNow -->
  <testcase classname="testScenarios.SearchCabs" name="EmailError" time="0.002">
    <failure type="java.lang.NullPointerException" message="Cannot invoke &amp;quot;com.aventstack.extentreports.ExtentReports.createTest(String)&amp;quot; because &amp;quot;testScenarios.SearchCabs.report&amp;quot; is null">
      <![CDATA[java.lang.NullPointerException: Cannot invoke "com.aventstack.extentreports.ExtentReports.createTest(String)" because "testScenarios.SearchCabs.report" is null
at testScenarios.SearchCabs.EmailError(SearchCabs.java:321)
at java.base/java.util.ArrayList.forEach(ArrayList.java:1511)
... Removed 27 stack frames]]>
    </failure>
  </testcase> <!-- EmailError -->
  <testcase classname="testScenarios.SearchCabs" name="ErrorValueIntoExcel" time="0.001">
    <failure type="java.lang.NullPointerException" message="Cannot invoke &amp;quot;com.aventstack.extentreports.ExtentReports.createTest(String)&amp;quot; because &amp;quot;testScenarios.SearchCabs.report&amp;quot; is null">
      <![CDATA[java.lang.NullPointerException: Cannot invoke "com.aventstack.extentreports.ExtentReports.createTest(String)" because "testScenarios.SearchCabs.report" is null
at testScenarios.SearchCabs.ErrorValueIntoExcel(SearchCabs.java:329)
at java.base/java.util.ArrayList.forEach(ArrayList.java:1511)
... Removed 27 stack frames]]>
    </failure>
  </testcase> <!-- ErrorValueIntoExcel -->
  <testcase classname="testScenarios.SearchCabs" name="SwitchingToDefaultTab" time="0.001">
    <failure type="java.lang.NullPointerException" message="Cannot invoke &amp;quot;com.aventstack.extentreports.ExtentReports.createTest(String)&amp;quot; because &amp;quot;testScenarios.SearchCabs.report&amp;quot; is null">
      <![CDATA[java.lang.NullPointerException: Cannot invoke "com.aventstack.extentreports.ExtentReports.createTest(String)" because "testScenarios.SearchCabs.report" is null
at testScenarios.SearchCabs.SwitchingToDefaultTab(SearchCabs.java:359)
at java.base/java.util.ArrayList.forEach(ArrayList.java:1511)
... Removed 27 stack frames]]>
    </failure>
  </testcase> <!-- SwitchingToDefaultTab -->
  <testcase classname="testScenarios.SearchCabs" name="HandlingLoginAlert" time="0.0">
    <ignored/>
  </testcase> <!-- HandlingLoginAlert -->
  <testcase classname="testScenarios.SearchCabs" name="adultsListValuesIntoXml" time="0.0">
    <ignored/>
  </testcase> <!-- adultsListValuesIntoXml -->
  <testcase classname="testScenarios.SearchCabs" name="navigateBack" time="0.0">
    <ignored/>
  </testcase> <!-- navigateBack -->
  <testcase classname="testScenarios.SearchCabs" name="SelectFromLocation" time="0.0">
    <ignored/>
  </testcase> <!-- SelectFromLocation -->
  <testcase classname="testScenarios.SearchCabs" name="scrollToCabs" time="0.0">
    <ignored/>
  </testcase> <!-- scrollToCabs -->
  <testcase classname="testScenarios.SearchCabs" name="EnterDataInFromLocation" time="0.0">
    <ignored/>
  </testcase> <!-- EnterDataInFromLocation -->
  <testcase classname="testScenarios.SearchCabs" name="ClickRooms" time="0.0">
    <ignored/>
  </testcase> <!-- ClickRooms -->
  <testcase classname="testScenarios.SearchCabs" name="CabsValuesIntoExcel" time="0.0">
    <ignored/>
  </testcase> <!-- CabsValuesIntoExcel -->
  <testcase classname="testScenarios.SearchCabs" name="SelectCarType" time="0.0">
    <ignored/>
  </testcase> <!-- SelectCarType -->
  <testcase classname="testScenarios.SearchCabs" name="CheckAdultsLimit" time="0.0">
    <ignored/>
  </testcase> <!-- CheckAdultsLimit -->
  <testcase classname="testScenarios.SearchCabs" name="MenuSelect" time="0.0">
    <ignored/>
  </testcase> <!-- MenuSelect -->
  <testcase classname="testScenarios.SearchCabs" name="testCaseRex1" time="0.0">
    <ignored/>
  </testcase> <!-- testCaseRex1 -->
  <testcase classname="testScenarios.SearchCabs" name="selectTime" time="0.0">
    <ignored/>
  </testcase> <!-- selectTime -->
  <testcase classname="testScenarios.SearchCabs" name="clickSearch" time="0.0">
    <ignored/>
  </testcase> <!-- clickSearch -->
  <testcase classname="testScenarios.SearchCabs" name="EnterDataInToLocation" time="0.0">
    <ignored/>
  </testcase> <!-- EnterDataInToLocation -->
  <testcase classname="testScenarios.SearchCabs" name="selectDate" time="0.0">
    <ignored/>
  </testcase> <!-- selectDate -->
  <testcase classname="testScenarios.SearchCabs" name="SelectOneWayOutstation" time="0.0">
    <ignored/>
  </testcase> <!-- SelectOneWayOutstation -->
  <testcase classname="testScenarios.SearchCabs" name="carDetails" time="0.0">
    <ignored/>
  </testcase> <!-- carDetails -->
  <testcase classname="testScenarios.SearchCabs" name="ClickHotelsTab" time="0.0">
    <ignored/>
  </testcase> <!-- ClickHotelsTab -->
</testsuite> <!-- Regression Test one -->
