<?xml version="1.0" encoding="UTF-8"?>
<!-- Generated by org.testng.reporters.JUnitXMLReporter -->
<testsuite ignored="16" hostname="LTIN191294" failures="0" tests="15" name="Smoke Test one" time="0.268" errors="0" timestamp="2024-02-02T15:53:29 IST">
  <testcase classname="testScenarios.SearchCabs" name="@BeforeGroups driverconfig" time="-1.706869409683E9">
    <failure type="org.testng.TestNGException" message="
Parameter &amp;apos;browser&amp;apos; is required by BeforeGroups on method driverconfig but has not been marked @Optional or defined
in C:\Users\2303475\Desktop\hackaton project zip\Hackathon2\Hackathon\testng.xml">
      <![CDATA[org.testng.TestNGException: 
Parameter 'browser' is required by BeforeGroups on method driverconfig but has not been marked @Optional or defined
in C:\Users\2303475\Desktop\hackaton project zip\Hackathon2\Hackathon\testng.xml
at java.base/java.util.ArrayList.forEach(ArrayList.java:1511)
... Removed 28 stack frames]]>
    </failure>
  </testcase> <!-- @BeforeGroups driverconfig -->
  <testcase classname="testScenarios.SearchCabs" name="testCaseRex1" time="0.001">
    <skipped/>
  </testcase> <!-- testCaseRex1 -->
  <testcase classname="testScenarios.SearchCabs" name="HandlingLoginAlert" time="0.0">
    <skipped/>
  </testcase> <!-- HandlingLoginAlert -->
  <testcase classname="testScenarios.SearchCabs" name="MenuSelect" time="0.001">
    <skipped/>
  </testcase> <!-- MenuSelect -->
  <testcase classname="testScenarios.SearchCabs" name="SelectOneWayOutstation" time="0.0">
    <skipped/>
  </testcase> <!-- SelectOneWayOutstation -->
  <testcase classname="testScenarios.SearchCabs" name="SelectFromLocation" time="0.0">
    <skipped/>
  </testcase> <!-- SelectFromLocation -->
  <testcase classname="testScenarios.SearchCabs" name="EnterDataInFromLocation" time="0.0">
    <skipped/>
  </testcase> <!-- EnterDataInFromLocation -->
  <testcase classname="testScenarios.SearchCabs" name="EnterDataInToLocation" time="0.0">
    <skipped/>
  </testcase> <!-- EnterDataInToLocation -->
  <testcase classname="testScenarios.SearchCabs" name="selectDate" time="0.0">
    <skipped/>
  </testcase> <!-- selectDate -->
  <testcase classname="testScenarios.SearchCabs" name="selectTime" time="0.0">
    <skipped/>
  </testcase> <!-- selectTime -->
  <testcase classname="testScenarios.SearchCabs" name="clickSearch" time="0.0">
    <skipped/>
  </testcase> <!-- clickSearch -->
  <testcase classname="testScenarios.SearchCabs" name="SelectCarType" time="0.0">
    <skipped/>
  </testcase> <!-- SelectCarType -->
  <testcase classname="testScenarios.SearchCabs" name="scrollToCabs" time="0.001">
    <skipped/>
  </testcase> <!-- scrollToCabs -->
  <testcase classname="testScenarios.SearchCabs" name="carDetails" time="0.0">
    <skipped/>
  </testcase> <!-- carDetails -->
  <testcase classname="testScenarios.SearchCabs" name="CabsValuesIntoExcel" time="0.0">
    <skipped/>
  </testcase> <!-- CabsValuesIntoExcel -->
  <testcase classname="testScenarios.SearchCabs" name="navigateBack" time="0.0">
    <skipped/>
  </testcase> <!-- navigateBack -->
  <testcase classname="testScenarios.SearchCabs" name="ClickHotelsTab" time="0.0">
    <ignored/>
  </testcase> <!-- ClickHotelsTab -->
  <testcase classname="testScenarios.SearchCabs" name="ClickRooms" time="0.0">
    <ignored/>
  </testcase> <!-- ClickRooms -->
  <testcase classname="testScenarios.SearchCabs" name="SwitchingToDefaultTab" time="0.0">
    <ignored/>
  </testcase> <!-- SwitchingToDefaultTab -->
  <testcase classname="testScenarios.SearchCabs" name="ScrollToGiftForm" time="0.0">
    <ignored/>
  </testcase> <!-- ScrollToGiftForm -->
  <testcase classname="testScenarios.SearchCabs" name="ClickEmailButton" time="0.0">
    <ignored/>
  </testcase> <!-- ClickEmailButton -->
  <testcase classname="testScenarios.SearchCabs" name="navigateGiftCardPage" time="0.0">
    <ignored/>
  </testcase> <!-- navigateGiftCardPage -->
  <testcase classname="testScenarios.SearchCabs" name="selectBuyNow" time="0.0">
    <ignored/>
  </testcase> <!-- selectBuyNow -->
  <testcase classname="testScenarios.SearchCabs" name="ErrorValueIntoExcel" time="0.0">
    <ignored/>
  </testcase> <!-- ErrorValueIntoExcel -->
  <testcase classname="testScenarios.SearchCabs" name="EnterDataGiftForm_XML" time="0.0">
    <ignored/>
  </testcase> <!-- EnterDataGiftForm_XML -->
  <testcase classname="testScenarios.SearchCabs" name="EmailError" time="0.0">
    <ignored/>
  </testcase> <!-- EmailError -->
  <testcase classname="testScenarios.SearchCabs" name="EnterDataGiftForm_JSON" time="0.0">
    <ignored/>
  </testcase> <!-- EnterDataGiftForm_JSON -->
  <testcase classname="testScenarios.SearchCabs" name="adultsListValuesIntoXml" time="0.0">
    <ignored/>
  </testcase> <!-- adultsListValuesIntoXml -->
  <testcase classname="testScenarios.SearchCabs" name="mangingTabs" time="0.0">
    <ignored/>
  </testcase> <!-- mangingTabs -->
  <testcase classname="testScenarios.SearchCabs" name="CheckAdultsLimit" time="0.0">
    <ignored/>
  </testcase> <!-- CheckAdultsLimit -->
  <testcase classname="testScenarios.SearchCabs" name="ClickGiftCard" time="0.0">
    <ignored/>
  </testcase> <!-- ClickGiftCard -->
  <testcase classname="testScenarios.SearchCabs" name="ScrollToGiftCards" time="0.0">
    <ignored/>
  </testcase> <!-- ScrollToGiftCards -->
</testsuite> <!-- Smoke Test one -->
