<?xml version="1.0" encoding="UTF-8"?>
<!-- Generated by org.testng.reporters.JUnitXMLReporter -->
<testsuite ignored="0" hostname="LTIN191294" failures="0" tests="31" name="Default test" time="90.715" errors="0" timestamp="2024-01-30T11:31:56 IST">
  <testcase classname="testScenarios.SearchCabs" name="testCaseRex1" time="3.035"/>
  <testcase classname="testScenarios.SearchCabs" name="HandlingLoginAlert" time="1.529"/>
  <testcase classname="testScenarios.SearchCabs" name="MenuSelect" time="0.617"/>
  <testcase classname="testScenarios.SearchCabs" name="SelectOneWayOutstation" time="0.704"/>
  <testcase classname="testScenarios.SearchCabs" name="SelectFromLocation" time="0.552"/>
  <testcase classname="testScenarios.SearchCabs" name="EnterDataInFromLocation" time="4.233"/>
  <testcase classname="testScenarios.SearchCabs" name="EnterDataInToLocation" time="3.558"/>
  <testcase classname="testScenarios.SearchCabs" name="selectDate" time="3.299"/>
  <testcase classname="testScenarios.SearchCabs" name="selectTime" time="0.464"/>
  <testcase classname="testScenarios.SearchCabs" name="clickSearch" time="4.433"/>
  <testcase classname="testScenarios.SearchCabs" name="SelectCarType" time="6.42"/>
  <testcase classname="testScenarios.SearchCabs" name="scrollToCabs" time="0.11"/>
  <testcase classname="testScenarios.SearchCabs" name="carDetails" time="3.56"/>
  <testcase classname="testScenarios.SearchCabs" name="CabsValuesIntoExcel" time="0.476"/>
  <testcase classname="testScenarios.SearchCabs" name="navigateBack" time="2.871"/>
  <testcase classname="testScenarios.SearchCabs" name="navigateGiftCardPage" time="2.623"/>
  <testcase classname="testScenarios.SearchCabs" name="mangingTabs" time="0.053"/>
  <testcase classname="testScenarios.SearchCabs" name="ScrollToGiftCards" time="3.049"/>
  <testcase classname="testScenarios.SearchCabs" name="ClickGiftCard" time="0.715"/>
  <testcase classname="testScenarios.SearchCabs" name="ClickEmailButton" time="1.969"/>
  <testcase classname="testScenarios.SearchCabs" name="ScrollToGiftForm" time="0.069"/>
  <testcase classname="testScenarios.SearchCabs" name="EnterDataGiftForm_XML" time="4.208"/>
  <testcase classname="testScenarios.SearchCabs" name="EnterDataGiftForm_JSON" time="1.114"/>
  <testcase classname="testScenarios.SearchCabs" name="selectBuyNow" time="0.417"/>
  <testcase classname="testScenarios.SearchCabs" name="EmailError" time="0.379"/>
  <testcase classname="testScenarios.SearchCabs" name="ErrorValueIntoExcel" time="0.096"/>
  <testcase classname="testScenarios.SearchCabs" name="SwitchingToDefaultTab" time="0.124"/>
  <testcase classname="testScenarios.SearchCabs" name="ClickHotelsTab" time="0.772"/>
  <testcase classname="testScenarios.SearchCabs" name="ClickRooms" time="1.132"/>
  <testcase classname="testScenarios.SearchCabs" name="CheckAdultsLimit" time="20.825"/>
  <testcase classname="testScenarios.SearchCabs" name="adultsListValuesIntoXml" time="0.054"/>
</testsuite> <!-- Default test -->
