<?xml version="1.0" encoding="UTF-8"?>
<!-- Generated by org.testng.reporters.JUnitXMLReporter -->
<testsuite ignored="0" hostname="LTIN191294" failures="0" tests="31" name="EdgeExecution" time="101.516" errors="0" timestamp="2024-02-03T14:55:48 IST">
  <testcase classname="testScenarios.SearchCabs" name="testCaseRex1" time="0.076"/>
  <testcase classname="testScenarios.SearchCabs" name="HandlingLoginAlert" time="3.626"/>
  <testcase classname="testScenarios.SearchCabs" name="MenuSelect" time="0.845"/>
  <testcase classname="testScenarios.SearchCabs" name="SelectOneWayOutstation" time="1.084"/>
  <testcase classname="testScenarios.SearchCabs" name="SelectFromLocation" time="0.554"/>
  <testcase classname="testScenarios.SearchCabs" name="EnterDataInFromLocation" time="4.437"/>
  <testcase classname="testScenarios.SearchCabs" name="EnterDataInToLocation" time="4.267"/>
  <testcase classname="testScenarios.SearchCabs" name="selectDate" time="3.297"/>
  <testcase classname="testScenarios.SearchCabs" name="selectTime" time="0.543"/>
  <testcase classname="testScenarios.SearchCabs" name="clickSearch" time="5.784"/>
  <testcase classname="testScenarios.SearchCabs" name="SelectCarType" time="1.66"/>
  <testcase classname="testScenarios.SearchCabs" name="scrollToCabs" time="0.085"/>
  <testcase classname="testScenarios.SearchCabs" name="carDetails" time="3.927"/>
  <testcase classname="testScenarios.SearchCabs" name="CabsValuesIntoExcel" time="0.375"/>
  <testcase classname="testScenarios.SearchCabs" name="navigateBack" time="7.882"/>
  <testcase classname="testScenarios.SearchCabs" name="navigateGiftCardPage" time="2.209"/>
  <testcase classname="testScenarios.SearchCabs" name="mangingTabs" time="0.06"/>
  <testcase classname="testScenarios.SearchCabs" name="ScrollToGiftCards" time="3.146"/>
  <testcase classname="testScenarios.SearchCabs" name="ClickGiftCard" time="0.797"/>
  <testcase classname="testScenarios.SearchCabs" name="ClickEmailButton" time="1.43"/>
  <testcase classname="testScenarios.SearchCabs" name="ScrollToGiftForm" time="0.154"/>
  <testcase classname="testScenarios.SearchCabs" name="EnterDataGiftForm_XML" time="5.286"/>
  <testcase classname="testScenarios.SearchCabs" name="EnterDataGiftForm_JSON" time="2.363"/>
  <testcase classname="testScenarios.SearchCabs" name="selectBuyNow" time="0.452"/>
  <testcase classname="testScenarios.SearchCabs" name="EmailError" time="0.476"/>
  <testcase classname="testScenarios.SearchCabs" name="ErrorValueIntoExcel" time="0.093"/>
  <testcase classname="testScenarios.SearchCabs" name="SwitchingToDefaultTab" time="0.141"/>
  <testcase classname="testScenarios.SearchCabs" name="ClickHotelsTab" time="0.911"/>
  <testcase classname="testScenarios.SearchCabs" name="ClickRooms" time="2.464"/>
  <testcase classname="testScenarios.SearchCabs" name="CheckAdultsLimit" time="20.99"/>
  <testcase classname="testScenarios.SearchCabs" name="adultsListValuesIntoXml" time="0.068"/>
</testsuite> <!-- EdgeExecution -->
