<?xml version="1.0" encoding="UTF-8"?>
<!-- Generated by org.testng.reporters.JUnitXMLReporter -->
<testsuite ignored="0" hostname="LTIN236207" failures="0" tests="31" name="Test" time="72.493" errors="0" timestamp="2022-03-28T02:38:30 IST">
  <testcase classname="testScenarios.SearchCabs" name="testCaseRex1" time="1.888"/>
  <testcase classname="testScenarios.SearchCabs" name="HandlingLoginAlert" time="0.456"/>
  <testcase classname="testScenarios.SearchCabs" name="MenuSelect" time="1.521"/>
  <testcase classname="testScenarios.SearchCabs" name="SelectOneWayOutstation" time="0.246"/>
  <testcase classname="testScenarios.SearchCabs" name="SelectFromLocation" time="0.244"/>
  <testcase classname="testScenarios.SearchCabs" name="EnterDataInFromLocation" time="3.477"/>
  <testcase classname="testScenarios.SearchCabs" name="EnterDataInToLocation" time="3.495"/>
  <testcase classname="testScenarios.SearchCabs" name="selectDate" time="3.239"/>
  <testcase classname="testScenarios.SearchCabs" name="selectTime" time="0.258"/>
  <testcase classname="testScenarios.SearchCabs" name="clickSearch" time="2.827"/>
  <testcase classname="testScenarios.SearchCabs" name="SelectCarType" time="3.704"/>
  <testcase classname="testScenarios.SearchCabs" name="scrollToCabs" time="0.076"/>
  <testcase classname="testScenarios.SearchCabs" name="carDetails" time="3.213"/>
  <testcase classname="testScenarios.SearchCabs" name="CabsValuesIntoExcel" time="0.627"/>
  <testcase classname="testScenarios.SearchCabs" name="navigateBack" time="0.035"/>
  <testcase classname="testScenarios.SearchCabs" name="navigateGiftCardPage" time="4.406"/>
  <testcase classname="testScenarios.SearchCabs" name="mangingTabs" time="0.031"/>
  <testcase classname="testScenarios.SearchCabs" name="ScrollToGiftCards" time="1.604"/>
  <testcase classname="testScenarios.SearchCabs" name="ClickGiftCard" time="10.897"/>
  <testcase classname="testScenarios.SearchCabs" name="ClickEmailButton" time="0.416"/>
  <testcase classname="testScenarios.SearchCabs" name="ScrollToGiftForm" time="0.055"/>
  <testcase classname="testScenarios.SearchCabs" name="EnterDataGiftForm_XML" time="4.897"/>
  <testcase classname="testScenarios.SearchCabs" name="EnterDataGiftForm_JSON" time="1.469"/>
  <testcase classname="testScenarios.SearchCabs" name="selectBuyNow" time="0.712"/>
  <testcase classname="testScenarios.SearchCabs" name="EmailError" time="0.175"/>
  <testcase classname="testScenarios.SearchCabs" name="ErrorValueIntoExcel" time="0.153"/>
  <testcase classname="testScenarios.SearchCabs" name="SwitchingToDefaultTab" time="0.085"/>
  <testcase classname="testScenarios.SearchCabs" name="ClickHotelsTab" time="1.802"/>
  <testcase classname="testScenarios.SearchCabs" name="ClickRooms" time="0.441"/>
  <testcase classname="testScenarios.SearchCabs" name="CheckAdultsLimit" time="0.428"/>
  <testcase classname="testScenarios.SearchCabs" name="adultsListValuesIntoXml" time="0.607"/>
</testsuite> <!-- Test -->
