<?xml version="1.0" encoding="UTF-8"?>
<!-- Generated by org.testng.reporters.JUnitXMLReporter -->
<testsuite ignored="0" hostname="LTIN191294" failures="0" tests="31" name="ValiadateUser" time="76.116" errors="0" timestamp="2024-02-14T09:41:30 IST">
  <testcase classname="testScenarios.SearchCabs" name="testCaseRex1" time="3.298"/>
  <testcase classname="testScenarios.SearchCabs" name="HandlingLoginAlert" time="0.884"/>
  <testcase classname="testScenarios.SearchCabs" name="MenuSelect" time="0.405"/>
  <testcase classname="testScenarios.SearchCabs" name="SelectOneWayOutstation" time="0.541"/>
  <testcase classname="testScenarios.SearchCabs" name="SelectFromLocation" time="0.255"/>
  <testcase classname="testScenarios.SearchCabs" name="EnterDataInFromLocation" time="3.764"/>
  <testcase classname="testScenarios.SearchCabs" name="EnterDataInToLocation" time="3.381"/>
  <testcase classname="testScenarios.SearchCabs" name="selectDate" time="3.182"/>
  <testcase classname="testScenarios.SearchCabs" name="selectTime" time="0.437"/>
  <testcase classname="testScenarios.SearchCabs" name="clickSearch" time="3.023"/>
  <testcase classname="testScenarios.SearchCabs" name="SelectCarType" time="2.884"/>
  <testcase classname="testScenarios.SearchCabs" name="scrollToCabs" time="0.094"/>
  <testcase classname="testScenarios.SearchCabs" name="carDetails" time="3.433"/>
  <testcase classname="testScenarios.SearchCabs" name="CabsValuesIntoExcel" time="0.425"/>
  <testcase classname="testScenarios.SearchCabs" name="navigateBack" time="3.106"/>
  <testcase classname="testScenarios.SearchCabs" name="navigateGiftCardPage" time="1.748"/>
  <testcase classname="testScenarios.SearchCabs" name="mangingTabs" time="0.045"/>
  <testcase classname="testScenarios.SearchCabs" name="ScrollToGiftCards" time="1.571"/>
  <testcase classname="testScenarios.SearchCabs" name="ClickGiftCard" time="0.528"/>
  <testcase classname="testScenarios.SearchCabs" name="ClickEmailButton" time="1.473"/>
  <testcase classname="testScenarios.SearchCabs" name="ScrollToGiftForm" time="0.045"/>
  <testcase classname="testScenarios.SearchCabs" name="EnterDataGiftForm_XML" time="4.368"/>
  <testcase classname="testScenarios.SearchCabs" name="EnterDataGiftForm_JSON" time="1.234"/>
  <testcase classname="testScenarios.SearchCabs" name="selectBuyNow" time="0.362"/>
  <testcase classname="testScenarios.SearchCabs" name="EmailError" time="0.396"/>
  <testcase classname="testScenarios.SearchCabs" name="ErrorValueIntoExcel" time="0.077"/>
  <testcase classname="testScenarios.SearchCabs" name="SwitchingToDefaultTab" time="0.106"/>
  <testcase classname="testScenarios.SearchCabs" name="ClickHotelsTab" time="0.601"/>
  <testcase classname="testScenarios.SearchCabs" name="ClickRooms" time="0.833"/>
  <testcase classname="testScenarios.SearchCabs" name="CheckAdultsLimit" time="20.617"/>
  <testcase classname="testScenarios.SearchCabs" name="adultsListValuesIntoXml" time="0.043"/>
</testsuite> <!-- ValiadateUser -->
