<?xml version="1.0" encoding="UTF-8"?>
<!-- Generated by org.testng.reporters.JUnitXMLReporter -->
<testsuite ignored="0" hostname="LTIN191294" failures="0" tests="31" name="ValiadateUser" time="85.704" errors="0" timestamp="2024-02-14T10:41:10 IST">
  <testcase classname="testScenarios.SearchCabs" name="testCaseRex1" time="4.223"/>
  <testcase classname="testScenarios.SearchCabs" name="HandlingLoginAlert" time="1.749"/>
  <testcase classname="testScenarios.SearchCabs" name="MenuSelect" time="0.635"/>
  <testcase classname="testScenarios.SearchCabs" name="SelectOneWayOutstation" time="1.005"/>
  <testcase classname="testScenarios.SearchCabs" name="SelectFromLocation" time="0.316"/>
  <testcase classname="testScenarios.SearchCabs" name="EnterDataInFromLocation" time="3.789"/>
  <testcase classname="testScenarios.SearchCabs" name="EnterDataInToLocation" time="3.546"/>
  <testcase classname="testScenarios.SearchCabs" name="selectDate" time="3.211"/>
  <testcase classname="testScenarios.SearchCabs" name="selectTime" time="0.56"/>
  <testcase classname="testScenarios.SearchCabs" name="clickSearch" time="4.667"/>
  <testcase classname="testScenarios.SearchCabs" name="SelectCarType" time="2.224"/>
  <testcase classname="testScenarios.SearchCabs" name="scrollToCabs" time="0.062"/>
  <testcase classname="testScenarios.SearchCabs" name="carDetails" time="3.559"/>
  <testcase classname="testScenarios.SearchCabs" name="CabsValuesIntoExcel" time="0.532"/>
  <testcase classname="testScenarios.SearchCabs" name="navigateBack" time="2.831"/>
  <testcase classname="testScenarios.SearchCabs" name="navigateGiftCardPage" time="2.281"/>
  <testcase classname="testScenarios.SearchCabs" name="mangingTabs" time="0.069"/>
  <testcase classname="testScenarios.SearchCabs" name="ScrollToGiftCards" time="1.658"/>
  <testcase classname="testScenarios.SearchCabs" name="ClickGiftCard" time="0.718"/>
  <testcase classname="testScenarios.SearchCabs" name="ClickEmailButton" time="1.153"/>
  <testcase classname="testScenarios.SearchCabs" name="ScrollToGiftForm" time="0.089"/>
  <testcase classname="testScenarios.SearchCabs" name="EnterDataGiftForm_XML" time="4.45"/>
  <testcase classname="testScenarios.SearchCabs" name="EnterDataGiftForm_JSON" time="1.291"/>
  <testcase classname="testScenarios.SearchCabs" name="selectBuyNow" time="0.359"/>
  <testcase classname="testScenarios.SearchCabs" name="EmailError" time="0.45"/>
  <testcase classname="testScenarios.SearchCabs" name="ErrorValueIntoExcel" time="0.116"/>
  <testcase classname="testScenarios.SearchCabs" name="SwitchingToDefaultTab" time="0.127"/>
  <testcase classname="testScenarios.SearchCabs" name="ClickHotelsTab" time="0.795"/>
  <testcase classname="testScenarios.SearchCabs" name="ClickRooms" time="1.132"/>
  <testcase classname="testScenarios.SearchCabs" name="CheckAdultsLimit" time="21.062"/>
  <testcase classname="testScenarios.SearchCabs" name="adultsListValuesIntoXml" time="0.057"/>
</testsuite> <!-- ValiadateUser -->
