<?xml version="1.0" encoding="UTF-8"?>
<testsuite xmlns:xsi="http://www.w3.org/2001/XMLSchema-instance" xsi:noNamespaceSchemaLocation="https://maven.apache.org/surefire/maven-surefire-plugin/xsd/surefire-test-report-3.0.xsd" version="3.0" name="TestSuite" time="87.608" tests="31" errors="0" skipped="0" failures="0">
  <properties>
[...]
</properties>
  <testcase name="testCaseRex1" classname="testScenarios.SearchCabs" time="4.29">
    <system-err><![CDATA[SLF4J: No SLF4J providers were found.
SLF4J: Defaulting to no-operation (NOP) logger implementation
SLF4J: See https://www.slf4j.org/codes.html#noProviders for further details.
Feb 14, 2024 10:39:48 AM org.openqa.selenium.manager.SeleniumManager lambda$runCommand$1
WARNING: There was an error managing chrome (error sending request for url (https://googlechromelabs.github.io/chrome-for-testing/known-good-versions-with-downloads.json): error trying to connect: An existing connection was forcibly closed by the remote host. (os error 10054)); using driver found in the cache
Feb 14, 2024 10:39:54 AM org.openqa.selenium.devtools.CdpVersionFinder findNearestMatch
WARNING: Unable to find CDP implementation matching 117
Feb 14, 2024 10:39:54 AM org.openqa.selenium.chromium.ChromiumDriver lambda$new$5
WARNING: Unable to find version of CDP to use for 117.0.5938.63. You may need to include a dependency on a specific version of the CDP using something similar to `org.seleniumhq.selenium:selenium-devtools-v86:4.16.1` where the version ("v86") matches the version of the chromium-based browser you're using and the version number of the artifact is the same as Selenium's.
]]></system-err>
  </testcase>
  <testcase name="HandlingLoginAlert" classname="testScenarios.SearchCabs" time="1.675"/>
  <testcase name="MenuSelect" classname="testScenarios.SearchCabs" time="0.64">
    <system-out><![CDATA[Cabs
]]></system-out>
  </testcase>
  <testcase name="SelectOneWayOutstation" classname="testScenarios.SearchCabs" time="1.002"/>
  <testcase name="SelectFromLocation" classname="testScenarios.SearchCabs" time="0.315"/>
  <testcase name="EnterDataInFromLocation" classname="testScenarios.SearchCabs" time="3.788">
    <system-out><![CDATA[Delhi airport, Airport, New Delhi, Delhi, India
enters
]]></system-out>
  </testcase>
  <testcase name="EnterDataInToLocation" classname="testScenarios.SearchCabs" time="3.539">
    <system-out><![CDATA[Manali, Himachal Pradesh, India
enters
]]></system-out>
  </testcase>
  <testcase name="selectDate" classname="testScenarios.SearchCabs" time="3.211">
    <system-out><![CDATA[Feb192024
]]></system-out>
  </testcase>
  <testcase name="selectTime" classname="testScenarios.SearchCabs" time="0.56"/>
  <testcase name="clickSearch" classname="testScenarios.SearchCabs" time="4.669"/>
  <testcase name="SelectCarType" classname="testScenarios.SearchCabs" time="2.224">
    <system-out><![CDATA[HATCHBACK
SEDAN
SUV
enters
]]></system-out>
  </testcase>
  <testcase name="scrollToCabs" classname="testScenarios.SearchCabs" time="0.063"/>
  <testcase name="carDetails" classname="testScenarios.SearchCabs" time="3.559"/>
  <testcase name="CabsValuesIntoExcel" classname="testScenarios.SearchCabs" time="0.532"/>
  <testcase name="navigateBack" classname="testScenarios.SearchCabs" time="2.831"/>
  <testcase name="navigateGiftCardPage" classname="testScenarios.SearchCabs" time="2.284">
    <system-out><![CDATA[Gift Cards
]]></system-out>
  </testcase>
  <testcase name="mangingTabs" classname="testScenarios.SearchCabs" time="0.069"/>
  <testcase name="ScrollToGiftCards" classname="testScenarios.SearchCabs" time="1.658"/>
  <testcase name="ClickGiftCard" classname="testScenarios.SearchCabs" time="0.718"/>
  <testcase name="ClickEmailButton" classname="testScenarios.SearchCabs" time="1.154">
    <system-out><![CDATA[E-Mail
]]></system-out>
  </testcase>
  <testcase name="ScrollToGiftForm" classname="testScenarios.SearchCabs" time="0.089"/>
  <testcase name="EnterDataGiftForm_XML" classname="testScenarios.SearchCabs" time="4.45">
    <system-out><![CDATA[Santosh
]]></system-out>
  </testcase>
  <testcase name="EnterDataGiftForm_JSON" classname="testScenarios.SearchCabs" time="1.291"/>
  <testcase name="selectBuyNow" classname="testScenarios.SearchCabs" time="0.36"/>
  <testcase name="EmailError" classname="testScenarios.SearchCabs" time="0.45">
    <system-out><![CDATA[Please enter a valid Email id.
]]></system-out>
  </testcase>
  <testcase name="ErrorValueIntoExcel" classname="testScenarios.SearchCabs" time="0.116"/>
  <testcase name="SwitchingToDefaultTab" classname="testScenarios.SearchCabs" time="0.13">
    <system-out><![CDATA[2
]]></system-out>
  </testcase>
  <testcase name="ClickHotelsTab" classname="testScenarios.SearchCabs" time="0.797"/>
  <testcase name="ClickRooms" classname="testScenarios.SearchCabs" time="1.132"/>
  <testcase name="CheckAdultsLimit" classname="testScenarios.SearchCabs" time="21.061"/>
  <testcase name="adultsListValuesIntoXml" classname="testScenarios.SearchCabs" time="0.057"/>
</testsuite>